[10:06:16] [main/INFO] (FabricLoader/GameProvider) Loading Minecraft 1.19.2 with Fabric Loader 0.14.10
[10:06:17] [main/INFO] (FabricLoader) Loading 46 mods:
	- fabric-api 0.67.0+1.19.2
	- fabric-api-base 0.4.12+93d8cb8290
	- fabric-api-lookup-api-v1 1.6.11+93d8cb8290
	- fabric-biome-api-v1 9.0.19+3dd584b490
	- fabric-block-api-v1 1.0.0+12bfe4ea90
	- fabric-blockrenderlayer-v1 1.1.21+c6af733c90
	- fabric-client-tags-api-v1 1.0.2+b35fea8390
	- fabric-command-api-v2 2.1.8+93d8cb8290
	- fabric-content-registries-v0 3.4.2+6064db2a90
	- fabric-convention-tags-v1 1.1.2+93d8cb8290
	- fabric-crash-report-info-v1 0.2.6+aeb40ebe90
	- fabric-data-generation-api-v1 5.3.0+ad31814d90
	- fabric-dimensions-v1 2.1.32+0dd10df690
	- fabric-entity-events-v1 1.5.1+9244241690
	- fabric-events-interaction-v0 0.4.29+c6af733c90
	- fabric-game-rule-api-v1 1.0.22+c6af733c90
	- fabric-gametest-api-v1 1.1.3+704e47e990
	- fabric-item-api-v1 1.6.0+fa140d5990
	- fabric-item-groups-v0 0.3.34+9244241690
	- fabric-key-binding-api-v1 1.0.22+aaaf9d3390
	- fabric-lifecycle-events-v1 2.2.1+9244241690
	- fabric-loot-api-v2 1.1.8+83a8659290
	- fabric-message-api-v1 5.0.4+93d8cb8290
	- fabric-mining-level-api-v1 2.1.19+33fbc73890
	- fabric-models-v0 0.3.18+c6af733c90
	- fabric-networking-api-v1 1.2.6+9244241690
	- fabric-object-builder-api-v1 4.1.1+06e0e25190
	- fabric-particles-v1 1.0.11+79adfe0a90
	- fabric-registry-sync-v0 0.9.27+9244241690
	- fabric-renderer-api-v1 1.0.13+12bfe4ea90
	- fabric-renderer-indigo 0.6.15+aeb40ebe90
	- fabric-rendering-data-attachment-v1 0.3.16+12bfe4ea90
	- fabric-rendering-fluids-v1 3.0.8+c6af733c90
	- fabric-rendering-v1 1.11.0+73145abb90
	- fabric-resource-conditions-api-v1 2.1.0+aae9039d90
	- fabric-resource-loader-v0 0.8.0+f9594cb690
	- fabric-screen-api-v1 1.0.28+28270f5890
	- fabric-screen-handler-api-v1 1.3.2+1cc24b1b90
	- fabric-sound-api-v1 1.0.0+c4f28df590
	- fabric-textures-v0 1.0.21+aeb40ebe90
	- fabric-transfer-api-v1 2.1.2+cd10d4fc90
	- fabric-transitive-access-wideners-v1 1.3.1+42d99c3290
	- fabricloader 0.14.10
	- java 17
	- minecraft 1.19.2
	- silvermod 0.1
[10:06:18] [main/INFO] (FabricLoader/Mixin) SpongePowered MIXIN Subsystem Version=0.8.5 Source=file:/Users/parthpatel/.gradle/caches/modules-2/files-2.1/net.fabricmc/sponge-mixin/0.11.4+mixin.0.8.5/c1dc27696aa4006e492c2485c9ccbcb26045a971/sponge-mixin-0.11.4+mixin.0.8.5.jar Service=Knot/Fabric Env=CLIENT
[10:06:18] [main/INFO] (FabricLoader/Mixin) Loaded Fabric development mappings for mixin remapper!
[10:06:18] [main/INFO] (FabricLoader/Mixin) Compatibility level set to JAVA_16
[10:06:18] [main/INFO] (FabricLoader/Mixin) Compatibility level set to JAVA_17
[10:06:23] [main/WARN] (FileUtil) Configuration conflict: there is more than one oshi.properties file on the classpath
[10:06:23] [main/WARN] (FileUtil) Configuration conflict: there is more than one oshi.architecture.properties file on the classpath
[10:06:35] [main/INFO] (Minecraft) Building optimized datafixer
[10:07:01] [Render thread/INFO] (Minecraft) Environment: authHost='https://authserver.mojang.com', accountsHost='https://api.mojang.com', sessionHost='https://sessionserver.mojang.com', servicesHost='https://api.minecraftservices.com', name='PROD'
[10:07:04] [Render thread/ERROR] (fabric-screen-api-v1) Failed to verify authentication
com.mojang.authlib.exceptions.InvalidCredentialsException: Status: 401
	at com.mojang.authlib.exceptions.MinecraftClientHttpException.toAuthenticationException(MinecraftClientHttpException.java:56) ~[authlib-3.11.49.jar:?]
	at com.mojang.authlib.yggdrasil.YggdrasilUserApiService.fetchProperties(YggdrasilUserApiService.java:155) ~[authlib-3.11.49.jar:?]
	at com.mojang.authlib.yggdrasil.YggdrasilUserApiService.<init>(YggdrasilUserApiService.java:55) ~[authlib-3.11.49.jar:?]
	at com.mojang.authlib.yggdrasil.YggdrasilAuthenticationService.createUserApiService(YggdrasilAuthenticationService.java:161) ~[authlib-3.11.49.jar:?]
	at net.minecraft.client.MinecraftClient.createUserApiService(MinecraftClient.java:701) [minecraft-project-@-merged-named.jar:?]
	at net.minecraft.client.MinecraftClient.<init>(MinecraftClient.java:503) [minecraft-project-@-merged-named.jar:?]
	at net.minecraft.client.main.Main.main(Main.java:185) [minecraft-project-@-merged-named.jar:?]
	at net.minecraft.client.main.Main.main(Main.java:56) [minecraft-project-@-merged-named.jar:?]
	at net.fabricmc.loader.impl.game.minecraft.MinecraftGameProvider.launch(MinecraftGameProvider.java:461) [fabric-loader-0.14.10.jar:?]
	at net.fabricmc.loader.impl.launch.knot.Knot.launch(Knot.java:74) [fabric-loader-0.14.10.jar:?]
	at net.fabricmc.loader.impl.launch.knot.KnotClient.main(KnotClient.java:23) [fabric-loader-0.14.10.jar:?]
	at net.fabricmc.devlaunchinjector.Main.main(Main.java:86) [dev-launch-injector-0.2.1+build.8.jar:?]
Caused by: com.mojang.authlib.exceptions.MinecraftClientHttpException: Status: 401
	at com.mojang.authlib.minecraft.client.MinecraftClient.readInputStream(MinecraftClient.java:87) ~[authlib-3.11.49.jar:?]
	at com.mojang.authlib.minecraft.client.MinecraftClient.get(MinecraftClient.java:48) ~[authlib-3.11.49.jar:?]
	at com.mojang.authlib.yggdrasil.YggdrasilUserApiService.fetchProperties(YggdrasilUserApiService.java:129) ~[authlib-3.11.49.jar:?]
	... 10 more
[10:07:04] [Render thread/INFO] (fabric-screen-api-v1) Setting user: Player730
[10:07:07] [Render thread/INFO] (Indigo) [Indigo] Registering Indigo renderer!
[10:07:09] [Render thread/INFO] (fabric-screen-api-v1) Backend library: LWJGL version 3.3.1 SNAPSHOT
[10:07:18] [Worker-Main-9/ERROR] (Minecraft) Failed to retrieve profile key pair
java.io.IOException: Could not retrieve profile key pair
	at net.minecraft.client.util.ProfileKeys.fetchKeyPair(ProfileKeys.java:181) ~[minecraft-project-@-merged-named.jar:?]
	at net.minecraft.client.util.ProfileKeys.method_44291(ProfileKeys.java:79) ~[minecraft-project-@-merged-named.jar:?]
	at java.util.concurrent.CompletableFuture$AsyncSupply.run(CompletableFuture.java:1768) [?:?]
	at java.util.concurrent.CompletableFuture$AsyncSupply.exec(CompletableFuture.java:1760) [?:?]
	at java.util.concurrent.ForkJoinTask.doExec(ForkJoinTask.java:373) [?:?]
	at java.util.concurrent.ForkJoinPool$WorkQueue.topLevelExec(ForkJoinPool.java:1182) [?:?]
	at java.util.concurrent.ForkJoinPool.scan(ForkJoinPool.java:1655) [?:?]
	at java.util.concurrent.ForkJoinPool.runWorker(ForkJoinPool.java:1622) [?:?]
	at java.util.concurrent.ForkJoinWorkerThread.run(ForkJoinWorkerThread.java:165) [?:?]
[10:07:19] [Render thread/INFO] (Minecraft) Reloading ResourceManager: Default, Fabric Mods (Fabric Networking API (v1), Fabric Transfer API (v1), Fabric Key Binding API (v1), Fabric Loot API (v2), Fabric Registry Sync (v0), Fabric Rendering (v1), Fabric Models (v0), Fabric Item API (v1), Fabric Particles (v1), Fabric Screen API (v1), Fabric Client Tags, Fabric Crash Report Info (v1), Fabric Message API (v1), Fabric Content Registries (v0), Fabric Game Test API (v1), Fabric Screen Handler API (v1), Fabric Textures (v0), Fabric Biome API (v1), Fabric Rendering Fluids (v1), Fabric Rendering Data Attachment (v1), Fabric Command API (v2), Fabric API, Fabric Events Interaction (v0), Fabric Resource Conditions API (v1), Fabric Sound API (v1), Fabric Transitive Access Wideners (v1), Fabric Item Groups (v0), Fabric Loader, Fabric Renderer - Indigo, Fabric Object Builder API (v1), Fabric Convention Tags, Fabric Lifecycle Events (v1), Superb Silver, Fabric API Base, Fabric Entity Events (v1), Fabric Game Rule API (v1), Fabric BlockRenderLayer Registration (v1), Fabric Resource Loader (v0), Fabric Data Generation API (v1), Fabric Mining Level API (v1), Fabric Dimensions API (v1), Fabric Renderer API (v1), Fabric API Lookup API (v1))
[10:07:20] [Render thread/INFO] (silvermod) This line is printed by an example mod mixin!
[10:07:23] [Realms Notification Availability checker #1/INFO] (Minecraft) Could not authorize you against Realms server: Invalid session id
[10:07:36] [Render thread/WARN] (Minecraft) Missing sound for event: minecraft:item.goat_horn.play
[10:07:36] [Render thread/WARN] (Minecraft) Missing sound for event: minecraft:entity.goat.screaming.horn_break
[10:07:37] [Render thread/INFO] (Minecraft) OpenAL initialized on device CoreAudio Default
[10:07:37] [Render thread/INFO] (Minecraft) Sound engine started
[10:07:37] [Render thread/INFO] (Minecraft) Created: 1024x1024x4 minecraft:textures/atlas/blocks.png-atlas
[10:07:38] [Render thread/INFO] (Minecraft) Created: 256x128x4 minecraft:textures/atlas/signs.png-atlas
[10:07:38] [Render thread/INFO] (Minecraft) Created: 1024x512x4 minecraft:textures/atlas/banner_patterns.png-atlas
[10:07:38] [Render thread/INFO] (Minecraft) Created: 1024x512x4 minecraft:textures/atlas/shield_patterns.png-atlas
[10:07:38] [Render thread/INFO] (Minecraft) Created: 256x256x4 minecraft:textures/atlas/chest.png-atlas
[10:07:38] [Render thread/INFO] (Minecraft) Created: 512x256x4 minecraft:textures/atlas/beds.png-atlas
[10:07:38] [Render thread/INFO] (Minecraft) Created: 512x256x4 minecraft:textures/atlas/shulker_boxes.png-atlas
[10:07:44] [Render thread/WARN] (Minecraft) Shader rendertype_entity_translucent_emissive could not find sampler named Sampler2 in the specified shader program.
[10:07:44] [Render thread/INFO] (Minecraft) Created: 512x256x0 minecraft:textures/atlas/particles.png-atlas
[10:07:44] [Render thread/INFO] (Minecraft) Created: 256x256x0 minecraft:textures/atlas/paintings.png-atlas
[10:07:44] [Render thread/INFO] (Minecraft) Created: 256x128x0 minecraft:textures/atlas/mob_effects.png-atlas
[10:07:44] [Render thread/INFO] (silvermod) This line is printed by an example mod mixin!
[10:08:13] [Render thread/INFO] (Minecraft) Loaded 7 recipes
[10:08:15] [Render thread/INFO] (Minecraft) Loaded 1179 advancements
[10:08:43] [Render thread/INFO] (Minecraft) Loaded 7 recipes
[10:08:44] [Render thread/INFO] (Minecraft) Loaded 1179 advancements
[10:08:47] [Worker-Main-8/ERROR] (Minecraft) Failed to retrieve profile key pair
java.io.IOException: Could not retrieve profile key pair
	at net.minecraft.client.util.ProfileKeys.fetchKeyPair(ProfileKeys.java:181) ~[minecraft-project-@-merged-named.jar:?]
	at net.minecraft.client.util.ProfileKeys.method_44291(ProfileKeys.java:79) ~[minecraft-project-@-merged-named.jar:?]
	at java.util.concurrent.CompletableFuture$AsyncSupply.run(CompletableFuture.java:1768) [?:?]
	at java.util.concurrent.CompletableFuture$AsyncSupply.exec(CompletableFuture.java:1760) [?:?]
	at java.util.concurrent.ForkJoinTask.doExec(ForkJoinTask.java:373) [?:?]
	at java.util.concurrent.ForkJoinPool$WorkQueue.topLevelExec(ForkJoinPool.java:1182) [?:?]
	at java.util.concurrent.ForkJoinPool.scan(ForkJoinPool.java:1655) [?:?]
	at java.util.concurrent.ForkJoinPool.runWorker(ForkJoinPool.java:1622) [?:?]
	at java.util.concurrent.ForkJoinWorkerThread.run(ForkJoinWorkerThread.java:165) [?:?]
[10:08:48] [Render thread/INFO] (BiomeModificationImpl) Applied 0 biome modifications to 0 of 63 new biomes in 70.10 ms
[10:08:48] [Server thread/INFO] (Minecraft) Starting integrated minecraft server version 1.19.2
[10:08:48] [Server thread/INFO] (Minecraft) Generating keypair
[10:09:49] [Worker-Bootstrap-6/INFO] (Minecraft) 4283 Datafixer optimizations took 194582 milliseconds
[10:10:10] [Server thread/INFO] (Minecraft) Preparing start region for dimension minecraft:overworld
[10:10:12] [Render thread/INFO] (Minecraft) Preparing spawn area: 0%
[10:10:13] [Render thread/INFO] (Minecraft) Preparing spawn area: 0%
[10:10:13] [Render thread/INFO] (Minecraft) Preparing spawn area: 0%
[10:10:13] [Render thread/INFO] (Minecraft) Preparing spawn area: 0%
[10:10:13] [Render thread/INFO] (Minecraft) Preparing spawn area: 0%
[10:10:13] [Render thread/INFO] (Minecraft) Preparing spawn area: 0%
[10:10:13] [Render thread/INFO] (Minecraft) Preparing spawn area: 0%
[10:10:13] [Render thread/INFO] (Minecraft) Preparing spawn area: 0%
[10:10:14] [Render thread/INFO] (Minecraft) Preparing spawn area: 0%
[10:10:14] [Render thread/INFO] (Minecraft) Preparing spawn area: 0%
[10:10:15] [Render thread/INFO] (Minecraft) Preparing spawn area: 0%
[10:10:16] [Render thread/INFO] (Minecraft) Preparing spawn area: 0%
[10:10:16] [Render thread/INFO] (Minecraft) Preparing spawn area: 0%
[10:10:16] [Render thread/INFO] (Minecraft) Preparing spawn area: 0%
[10:10:17] [Render thread/INFO] (Minecraft) Preparing spawn area: 0%
[10:10:17] [Render thread/INFO] (Minecraft) Preparing spawn area: 0%
[10:10:18] [Render thread/INFO] (Minecraft) Preparing spawn area: 1%
[10:10:19] [Render thread/INFO] (Minecraft) Preparing spawn area: 1%
[10:10:19] [Render thread/INFO] (Minecraft) Preparing spawn area: 1%
[10:10:19] [Render thread/INFO] (Minecraft) Preparing spawn area: 1%
[10:10:20] [Render thread/INFO] (Minecraft) Preparing spawn area: 2%
[10:10:20] [Render thread/INFO] (Minecraft) Preparing spawn area: 2%
[10:10:21] [Render thread/INFO] (Minecraft) Preparing spawn area: 2%
[10:10:21] [Render thread/INFO] (Minecraft) Preparing spawn area: 3%
[10:10:22] [Render thread/INFO] (Minecraft) Preparing spawn area: 3%
[10:10:22] [Render thread/INFO] (Minecraft) Preparing spawn area: 4%
[10:10:23] [Render thread/INFO] (Minecraft) Preparing spawn area: 4%
[10:10:23] [Render thread/INFO] (Minecraft) Preparing spawn area: 4%
[10:10:24] [Render thread/INFO] (Minecraft) Preparing spawn area: 5%
[10:10:24] [Render thread/INFO] (Minecraft) Preparing spawn area: 5%
[10:10:25] [Render thread/INFO] (Minecraft) Preparing spawn area: 5%
[10:10:25] [Render thread/INFO] (Minecraft) Preparing spawn area: 5%
[10:10:26] [Render thread/INFO] (Minecraft) Preparing spawn area: 6%
[10:10:26] [Render thread/INFO] (Minecraft) Preparing spawn area: 7%
[10:10:27] [Render thread/INFO] (Minecraft) Preparing spawn area: 8%
[10:10:27] [Render thread/INFO] (Minecraft) Preparing spawn area: 8%
[10:10:28] [Render thread/INFO] (Minecraft) Preparing spawn area: 9%
[10:10:28] [Render thread/INFO] (Minecraft) Preparing spawn area: 9%
[10:10:29] [Render thread/INFO] (Minecraft) Preparing spawn area: 10%
[10:10:29] [Render thread/INFO] (Minecraft) Preparing spawn area: 10%
[10:10:30] [Render thread/INFO] (Minecraft) Preparing spawn area: 11%
[10:10:30] [Render thread/INFO] (Minecraft) Preparing spawn area: 11%
[10:10:31] [Render thread/INFO] (Minecraft) Preparing spawn area: 12%
[10:10:31] [Render thread/INFO] (Minecraft) Preparing spawn area: 13%
[10:10:32] [Render thread/INFO] (Minecraft) Preparing spawn area: 14%
[10:10:33] [Render thread/INFO] (Minecraft) Preparing spawn area: 14%
[10:10:33] [Render thread/INFO] (Minecraft) Preparing spawn area: 15%
[10:10:33] [Render thread/INFO] (Minecraft) Preparing spawn area: 15%
[10:10:34] [Render thread/INFO] (Minecraft) Preparing spawn area: 15%
[10:10:34] [Render thread/INFO] (Minecraft) Preparing spawn area: 15%
[10:10:35] [Render thread/INFO] (Minecraft) Preparing spawn area: 16%
[10:10:35] [Render thread/INFO] (Minecraft) Preparing spawn area: 16%
[10:10:36] [Render thread/INFO] (Minecraft) Preparing spawn area: 16%
[10:10:36] [Render thread/INFO] (Minecraft) Preparing spawn area: 17%
[10:10:37] [Render thread/INFO] (Minecraft) Preparing spawn area: 18%
[10:10:37] [Render thread/INFO] (Minecraft) Preparing spawn area: 19%
[10:10:38] [Render thread/INFO] (Minecraft) Preparing spawn area: 20%
[10:10:38] [Render thread/INFO] (Minecraft) Preparing spawn area: 21%
[10:10:39] [Render thread/INFO] (Minecraft) Preparing spawn area: 22%
[10:10:39] [Render thread/INFO] (Minecraft) Preparing spawn area: 22%
[10:10:40] [Render thread/INFO] (Minecraft) Preparing spawn area: 22%
[10:10:40] [Render thread/INFO] (Minecraft) Preparing spawn area: 23%
[10:10:41] [Render thread/INFO] (Minecraft) Preparing spawn area: 24%
[10:10:41] [Render thread/INFO] (Minecraft) Preparing spawn area: 25%
[10:10:42] [Render thread/INFO] (Minecraft) Preparing spawn area: 26%
[10:10:42] [Render thread/INFO] (Minecraft) Preparing spawn area: 27%
[10:10:43] [Render thread/INFO] (Minecraft) Preparing spawn area: 28%
[10:10:43] [Render thread/INFO] (Minecraft) Preparing spawn area: 29%
[10:10:44] [Render thread/INFO] (Minecraft) Preparing spawn area: 29%
[10:10:44] [Render thread/INFO] (Minecraft) Preparing spawn area: 31%
[10:10:45] [Render thread/INFO] (Minecraft) Preparing spawn area: 31%
[10:10:45] [Render thread/INFO] (Minecraft) Preparing spawn area: 31%
[10:10:46] [Render thread/INFO] (Minecraft) Preparing spawn area: 31%
[10:10:46] [Render thread/INFO] (Minecraft) Preparing spawn area: 32%
[10:10:47] [Render thread/INFO] (Minecraft) Preparing spawn area: 33%
[10:10:47] [Render thread/INFO] (Minecraft) Preparing spawn area: 34%
[10:10:48] [Render thread/INFO] (Minecraft) Preparing spawn area: 35%
[10:10:48] [Render thread/INFO] (Minecraft) Preparing spawn area: 36%
[10:10:49] [Render thread/INFO] (Minecraft) Preparing spawn area: 37%
[10:10:49] [Render thread/INFO] (Minecraft) Preparing spawn area: 37%
[10:10:50] [Render thread/INFO] (Minecraft) Preparing spawn area: 39%
[10:10:50] [Render thread/INFO] (Minecraft) Preparing spawn area: 40%
[10:10:51] [Render thread/INFO] (Minecraft) Preparing spawn area: 40%
[10:10:51] [Render thread/INFO] (Minecraft) Preparing spawn area: 42%
[10:10:52] [Render thread/INFO] (Minecraft) Preparing spawn area: 42%
[10:10:52] [Render thread/INFO] (Minecraft) Preparing spawn area: 43%
[10:10:53] [Render thread/INFO] (Minecraft) Preparing spawn area: 43%
[10:10:53] [Render thread/INFO] (Minecraft) Preparing spawn area: 44%
[10:10:54] [Render thread/INFO] (Minecraft) Preparing spawn area: 45%
[10:10:54] [Render thread/INFO] (Minecraft) Preparing spawn area: 46%
[10:10:55] [Render thread/INFO] (Minecraft) Preparing spawn area: 47%
[10:10:55] [Render thread/INFO] (Minecraft) Preparing spawn area: 48%
[10:10:56] [Render thread/INFO] (Minecraft) Preparing spawn area: 48%
[10:10:56] [Render thread/INFO] (Minecraft) Preparing spawn area: 49%
[10:10:57] [Render thread/INFO] (Minecraft) Preparing spawn area: 50%
[10:10:57] [Render thread/INFO] (Minecraft) Preparing spawn area: 51%
[10:10:58] [Render thread/INFO] (Minecraft) Preparing spawn area: 53%
[10:10:58] [Render thread/INFO] (Minecraft) Preparing spawn area: 54%
[10:10:59] [Render thread/INFO] (Minecraft) Preparing spawn area: 55%
[10:10:59] [Render thread/INFO] (Minecraft) Preparing spawn area: 55%
[10:11:00] [Render thread/INFO] (Minecraft) Preparing spawn area: 55%
[10:11:00] [Render thread/INFO] (Minecraft) Preparing spawn area: 57%
[10:11:01] [Render thread/INFO] (Minecraft) Preparing spawn area: 57%
[10:11:01] [Render thread/INFO] (Minecraft) Preparing spawn area: 58%
[10:11:02] [Render thread/INFO] (Minecraft) Preparing spawn area: 59%
[10:11:02] [Render thread/INFO] (Minecraft) Preparing spawn area: 59%
[10:11:03] [Render thread/INFO] (Minecraft) Preparing spawn area: 59%
[10:11:03] [Render thread/INFO] (Minecraft) Preparing spawn area: 60%
[10:11:04] [Render thread/INFO] (Minecraft) Preparing spawn area: 60%
[10:11:04] [Render thread/INFO] (Minecraft) Preparing spawn area: 61%
[10:11:05] [Render thread/INFO] (Minecraft) Preparing spawn area: 62%
[10:11:05] [Render thread/INFO] (Minecraft) Preparing spawn area: 62%
[10:11:06] [Render thread/INFO] (Minecraft) Preparing spawn area: 62%
[10:11:06] [Render thread/INFO] (Minecraft) Preparing spawn area: 62%
[10:11:07] [Render thread/INFO] (Minecraft) Preparing spawn area: 62%
[10:11:07] [Render thread/INFO] (Minecraft) Preparing spawn area: 63%
[10:11:08] [Render thread/INFO] (Minecraft) Preparing spawn area: 63%
[10:11:08] [Render thread/INFO] (Minecraft) Preparing spawn area: 65%
[10:11:09] [Render thread/INFO] (Minecraft) Preparing spawn area: 65%
[10:11:09] [Render thread/INFO] (Minecraft) Preparing spawn area: 66%
[10:11:10] [Render thread/INFO] (Minecraft) Preparing spawn area: 67%
[10:11:10] [Render thread/INFO] (Minecraft) Preparing spawn area: 68%
[10:11:11] [Render thread/INFO] (Minecraft) Preparing spawn area: 68%
[10:11:11] [Render thread/INFO] (Minecraft) Preparing spawn area: 69%
[10:11:12] [Render thread/INFO] (Minecraft) Preparing spawn area: 70%
[10:11:12] [Render thread/INFO] (Minecraft) Preparing spawn area: 72%
[10:11:13] [Render thread/INFO] (Minecraft) Preparing spawn area: 73%
[10:11:13] [Render thread/INFO] (Minecraft) Preparing spawn area: 74%
[10:11:14] [Render thread/INFO] (Minecraft) Preparing spawn area: 75%
[10:11:14] [Render thread/INFO] (Minecraft) Preparing spawn area: 76%
[10:11:15] [Render thread/INFO] (Minecraft) Preparing spawn area: 77%
[10:11:15] [Render thread/INFO] (Minecraft) Preparing spawn area: 79%
[10:11:16] [Render thread/INFO] (Minecraft) Preparing spawn area: 80%
[10:11:16] [Render thread/INFO] (Minecraft) Preparing spawn area: 82%
[10:11:17] [Render thread/INFO] (Minecraft) Preparing spawn area: 82%
[10:11:17] [Render thread/INFO] (Minecraft) Preparing spawn area: 83%
[10:11:18] [Render thread/INFO] (Minecraft) Preparing spawn area: 83%
[10:11:18] [Render thread/INFO] (Minecraft) Preparing spawn area: 84%
[10:11:19] [Render thread/INFO] (Minecraft) Preparing spawn area: 86%
[10:11:19] [Render thread/INFO] (Minecraft) Preparing spawn area: 88%
[10:11:20] [Render thread/INFO] (Minecraft) Preparing spawn area: 88%
[10:11:20] [Render thread/INFO] (Minecraft) Preparing spawn area: 89%
[10:11:21] [Render thread/INFO] (Minecraft) Preparing spawn area: 90%
[10:11:21] [Render thread/INFO] (Minecraft) Preparing spawn area: 91%
[10:11:22] [Render thread/INFO] (Minecraft) Preparing spawn area: 91%
[10:11:22] [Render thread/INFO] (Minecraft) Preparing spawn area: 93%
[10:11:23] [Render thread/INFO] (Minecraft) Preparing spawn area: 94%
[10:11:23] [Render thread/INFO] (Minecraft) Preparing spawn area: 96%
[10:11:24] [Render thread/INFO] (Minecraft) Preparing spawn area: 97%
[10:11:24] [Render thread/INFO] (Minecraft) Preparing spawn area: 98%
[10:11:25] [Render thread/INFO] (Minecraft) Preparing spawn area: 99%
[10:11:25] [Render thread/INFO] (Minecraft) Time elapsed: 75149 ms
[10:11:25] [Server thread/INFO] (Minecraft) Changing view distance to 12, from 10
[10:11:25] [Server thread/INFO] (Minecraft) Changing simulation distance to 12, from 0
[10:11:27] [Server thread/INFO] (Minecraft) Player730[local:E:f8d994df] logged in with entity id 103 at (-7.5, 65.0, -55.5)
[10:11:27] [Server thread/INFO] (Minecraft) Player730 joined the game
[10:11:28] [Server thread/WARN] (Minecraft) Can't keep up! Is the server overloaded? Running 2982ms or 59 ticks behind
[10:11:36] [Render thread/INFO] (Minecraft) Loaded 0 advancements
[10:11:45] [Server thread/INFO] (Minecraft) Saving and pausing game...
[10:11:46] [Server thread/INFO] (Minecraft) Saving chunks for level 'ServerLevel[New World]'/minecraft:overworld
[10:11:55] [Server thread/INFO] (Minecraft) Saving chunks for level 'ServerLevel[New World]'/minecraft:the_end
[10:11:55] [Server thread/INFO] (Minecraft) Saving chunks for level 'ServerLevel[New World]'/minecraft:the_nether
[10:11:55] [Server thread/WARN] (Minecraft) Can't keep up! Is the server overloaded? Running 12279ms or 245 ticks behind
[10:12:20] [Server thread/WARN] (Minecraft) Can't keep up! Is the server overloaded? Running 2119ms or 42 ticks behind
[10:12:45] [Server thread/INFO] (Minecraft) Saving and pausing game...
[10:12:45] [Server thread/INFO] (Minecraft) Saving chunks for level 'ServerLevel[New World]'/minecraft:overworld
[10:12:48] [Server thread/INFO] (Minecraft) Saving chunks for level 'ServerLevel[New World]'/minecraft:the_end
[10:12:48] [Server thread/INFO] (Minecraft) Saving chunks for level 'ServerLevel[New World]'/minecraft:the_nether
[10:12:48] [Server thread/INFO] (Minecraft) Player730 lost connection: Disconnected
[10:12:48] [Server thread/INFO] (Minecraft) Player730 left the game
[10:12:48] [Server thread/INFO] (Minecraft) Stopping singleplayer server as player logged out
[10:12:48] [Server thread/INFO] (Minecraft) Stopping server
[10:12:48] [Server thread/INFO] (Minecraft) Saving players
[10:12:48] [Server thread/INFO] (Minecraft) Saving worlds
[10:12:54] [Server thread/INFO] (Minecraft) Saving chunks for level 'ServerLevel[New World]'/minecraft:overworld
[10:12:56] [Server thread/INFO] (Minecraft) Saving chunks for level 'ServerLevel[New World]'/minecraft:the_end
[10:12:56] [Server thread/INFO] (Minecraft) Saving chunks for level 'ServerLevel[New World]'/minecraft:the_nether
[10:12:56] [Server thread/INFO] (Minecraft) ThreadedAnvilChunkStorage (New World): All chunks are saved
[10:12:56] [Server thread/INFO] (Minecraft) ThreadedAnvilChunkStorage (DIM1): All chunks are saved
[10:12:56] [Server thread/INFO] (Minecraft) ThreadedAnvilChunkStorage (DIM-1): All chunks are saved
[10:12:56] [Server thread/INFO] (Minecraft) ThreadedAnvilChunkStorage: All dimensions are saved
[10:12:57] [Render thread/INFO] (silvermod) This line is printed by an example mod mixin!
[10:13:00] [Render thread/INFO] (fabric-screen-api-v1) Stopping!
